[debug] [2021-10-20T09:55:48.896Z] ----------------------------------------------------------------------
[debug] [2021-10-20T09:55:48.907Z] Command:       C:\Program Files\nodejs\node.exe C:\Users\Sazzad\AppData\Roaming\npm\node_modules\firebase-tools\lib\bin\firebase.js init
[debug] [2021-10-20T09:55:48.908Z] CLI Version:   9.20.0
[debug] [2021-10-20T09:55:48.908Z] Platform:      win32
[debug] [2021-10-20T09:55:48.909Z] Node Version:  v16.6.1
[debug] [2021-10-20T09:55:48.912Z] Time:          Wed Oct 20 2021 15:55:48 GMT+0600 (Bangladesh Standard Time)
[debug] [2021-10-20T09:55:48.912Z] ----------------------------------------------------------------------
[debug] 
[debug] [2021-10-20T09:55:48.921Z] >>> [apiv2][query] GET https://firebase-public.firebaseio.com/cli.json [none]
[debug] [2021-10-20T09:55:49.016Z] > command requires scopes: ["email","openid","https://www.googleapis.com/auth/cloudplatformprojects.readonly","https://www.googleapis.com/auth/firebase","https://www.googleapis.com/auth/cloud-platform"]
[debug] [2021-10-20T09:55:49.016Z] > authorizing via signed-in user (riazalmahmud041@gmail.com)
[info] 
     ######## #### ########  ######## ########     ###     ######  ########
     ##        ##  ##     ## ##       ##     ##  ##   ##  ##       ##
     ######    ##  ########  ######   ########  #########  ######  ######
     ##        ##  ##    ##  ##       ##     ## ##     ##       ## ##
     ##       #### ##     ## ######## ########  ##     ##  ######  ########

You're about to initialize a Firebase project in this directory:

  C:\web development\assinment-10-react

Before we get started, keep in mind:

  * You are currently outside your home directory

[debug] [2021-10-20T09:55:50.032Z] <<< [apiv2][status] GET https://firebase-public.firebaseio.com/cli.json 200
[debug] [2021-10-20T09:55:50.033Z] <<< [apiv2][body] GET https://firebase-public.firebaseio.com/cli.json {"cloudBuildErrorAfter":1594252800000,"cloudBuildWarnAfter":1590019200000,"defaultNode10After":1594252800000,"minVersion":"3.0.5","node8DeploysDisabledAfter":1613390400000,"node8RuntimeDisabledAfter":1615809600000,"node8WarnAfter":1600128000000}
[info] 
=== Project Setup
[info] 
[info] First, let's associate this project directory with a Firebase project.
[info] You can create multiple project aliases by running firebase use --add, 
[info] but for now we'll just set up a default project.
[info] 
[debug] [2021-10-20T09:57:01.558Z] > refreshing access token with scopes: []
[debug] [2021-10-20T09:57:01.559Z] >>> HTTP REQUEST POST https://www.googleapis.com/oauth2/v3/token  
 <request body omitted>
[debug] [2021-10-20T09:57:01.901Z] <<< HTTP RESPONSE 200 {"pragma":"no-cache","expires":"Mon, 01 Jan 1990 00:00:00 GMT","date":"Wed, 20 Oct 2021 09:57:01 GMT","cache-control":"no-cache, no-store, max-age=0, must-revalidate","content-type":"application/json; charset=utf-8","vary":"X-Origin, Referer, Origin,Accept-Encoding","server":"scaffolding on HTTPServer2","x-xss-protection":"0","x-frame-options":"SAMEORIGIN","x-content-type-options":"nosniff","alt-svc":"h3=\":443\"; ma=2592000,h3-29=\":443\"; ma=2592000,h3-T051=\":443\"; ma=2592000,h3-Q050=\":443\"; ma=2592000,h3-Q046=\":443\"; ma=2592000,h3-Q043=\":443\"; ma=2592000,quic=\":443\"; ma=2592000; v=\"46,43\"","accept-ranges":"none","transfer-encoding":"chunked"}
[debug] [2021-10-20T09:57:01.931Z] >>> [apiv2][query] GET https://firebase.googleapis.com/v1beta1/availableProjects pageSize=100
[debug] [2021-10-20T09:57:03.045Z] <<< [apiv2][status] GET https://firebase.googleapis.com/v1beta1/availableProjects 200
[debug] [2021-10-20T09:57:03.045Z] <<< [apiv2][body] GET https://firebase.googleapis.com/v1beta1/availableProjects [omitted]
[debug] [2021-10-20T09:59:14.488Z] ----------------------------------------------------------------------
[debug] [2021-10-20T09:59:14.496Z] Command:       C:\Program Files\nodejs\node.exe C:\Users\Sazzad\AppData\Roaming\npm\node_modules\firebase-tools\lib\bin\firebase.js init
[debug] [2021-10-20T09:59:14.497Z] CLI Version:   9.20.0
[debug] [2021-10-20T09:59:14.497Z] Platform:      win32
[debug] [2021-10-20T09:59:14.498Z] Node Version:  v16.6.1
[debug] [2021-10-20T09:59:14.500Z] Time:          Wed Oct 20 2021 15:59:14 GMT+0600 (Bangladesh Standard Time)
[debug] [2021-10-20T09:59:14.501Z] ----------------------------------------------------------------------
[debug] 
[debug] [2021-10-20T09:59:14.526Z] > command requires scopes: ["email","openid","https://www.googleapis.com/auth/cloudplatformprojects.readonly","https://www.googleapis.com/auth/firebase","https://www.googleapis.com/auth/cloud-platform"]
[debug] [2021-10-20T09:59:14.526Z] > authorizing via signed-in user (riazalmahmud041@gmail.com)
[info] 
     ######## #### ########  ######## ########     ###     ######  ########
     ##        ##  ##     ## ##       ##     ##  ##   ##  ##       ##
     ######    ##  ########  ######   ########  #########  ######  ######
     ##        ##  ##    ##  ##       ##     ## ##     ##       ## ##
     ##       #### ##     ## ######## ########  ##     ##  ######  ########

You're about to initialize a Firebase project in this directory:

  C:\web development\assinment-10-react

Before we get started, keep in mind:

  * You are currently outside your home directory

[info] 
=== Project Setup
[info] 
[info] First, let's associate this project directory with a Firebase project.
[info] You can create multiple project aliases by running firebase use --add, 
[info] but for now we'll just set up a default project.
[info] 
[debug] [2021-10-20T10:00:09.430Z] >>> [apiv2][query] GET https://firebase.googleapis.com/v1beta1/projects pageSize=100
[debug] [2021-10-20T10:00:10.254Z] <<< [apiv2][status] GET https://firebase.googleapis.com/v1beta1/projects 200
[debug] [2021-10-20T10:00:10.254Z] <<< [apiv2][body] GET https://firebase.googleapis.com/v1beta1/projects [omitted]
[info] i  Using project assinment-10-d1b32 (Assinment-10) 
[info] 
=== Hosting Setup
[info] 
[info] Your public directory is the folder (relative to your project directory) that
[info] will contain Hosting assets to be uploaded with firebase deploy. If you
[info] have a build process for your assets, use your build's output directory.
[info] 
[debug] [2021-10-20T10:00:59.546Z] >>> [apiv2][query] GET https://www.gstatic.com/firebasejs/releases.json [none]
[debug] [2021-10-20T10:00:59.725Z] <<< [apiv2][status] GET https://www.gstatic.com/firebasejs/releases.json 200
[debug] [2021-10-20T10:00:59.726Z] <<< [apiv2][body] GET https://www.gstatic.com/firebasejs/releases.json {"current":{"version":"9.1.3","browserURL":"https://www.gstatic.com/firebasejs/9.1.3/firebase.js","packageURL":"https://www.gstatic.com/firebasejs/9.1.3/firebase.tgz"},"live":{"version":"9.1","browserURL":"https://www.gstatic.com/firebasejs/live/9.1/firebase.js","packageURL":"https://www.gstatic.com/firebasejs/live/9.1/firebase.tgz"},"components":{"analytics":"https://www.gstatic.com/firebasejs/9.1.3/firebase-analytics.js","app":"https://www.gstatic.com/firebasejs/9.1.3/firebase-app.js","app-check":"https://www.gstatic.com/firebasejs/9.1.3/firebase-app-check.js","auth":"https://www.gstatic.com/firebasejs/9.1.3/firebase-auth.js","auth/cordova":"https://www.gstatic.com/firebasejs/9.1.3/firebase-auth/cordova.js","auth/react-native":"https://www.gstatic.com/firebasejs/9.1.3/firebase-auth/react-native.js","functions":"https://www.gstatic.com/firebasejs/9.1.3/firebase-functions.js","firestore":"https://www.gstatic.com/firebasejs/9.1.3/firebase-firestore.js","firestore/lite":"https://www.gstatic.com/firebasejs/9.1.3/firebase-firestore/lite.js","storage":"https://www.gstatic.com/firebasejs/9.1.3/firebase-storage.js","performance":"https://www.gstatic.com/firebasejs/9.1.3/firebase-performance.js","remote-config":"https://www.gstatic.com/firebasejs/9.1.3/firebase-remote-config.js","messaging":"https://www.gstatic.com/firebasejs/9.1.3/firebase-messaging.js","messaging/sw":"https://www.gstatic.com/firebasejs/9.1.3/firebase-messaging/sw.js","database":"https://www.gstatic.com/firebasejs/9.1.3/firebase-database.js","firestore.memory":"https://www.gstatic.com/firebasejs/9.1.3/firebase-firestore.memory.js"}}
[info] i  Skipping write of public/index.html 
[info] 
[info] i  Detected a .git folder at C:\web development 
[info] i  Authorizing with GitHub to upload your service account to a GitHub repository's secrets store. 
[info] 
[info] Visit this URL on this device to log in:
[info] https://github.com/login/oauth/authorize?client_id=89cf50f02ac6aaed3484&state=364397093&redirect_uri=http%3A%2F%2Flocalhost%3A9005&scope=read%3Auser%20repo%20public_repo
[info] 
[info] Waiting for authentication...
[debug] [2021-10-20T10:01:25.854Z] >>> HTTP REQUEST POST https://github.com/login/oauth/access_token  
 {"client_id":"89cf50f02ac6aaed3484","client_secret":"3330d14abc895d9a74d5f17cd7a00711fa2c5bf0","code":"b53e798f72ffe68b0aeb","redirect_uri":"http://localhost:9005","state":"364397093"}
[debug] [2021-10-20T10:01:26.361Z] <<< HTTP RESPONSE 200 {"server":"GitHub.com","date":"Wed, 20 Oct 2021 10:01:25 GMT","content-type":"application/json; charset=utf-8","transfer-encoding":"chunked","vary":"X-PJAX, X-PJAX-Container, Accept-Encoding, Accept, X-Requested-With","permissions-policy":"interest-cohort=()","etag":"W/\"dfda171033ac994c33640dc9806c62bd\"","cache-control":"max-age=0, private, must-revalidate","strict-transport-security":"max-age=31536000; includeSubdomains; preload","x-frame-options":"deny","x-content-type-options":"nosniff","x-xss-protection":"0","referrer-policy":"origin-when-cross-origin, strict-origin-when-cross-origin","expect-ct":"max-age=2592000, report-uri=\"https://api.github.com/_private/browser/errors\"","content-security-policy":"default-src 'none'; base-uri 'self'; block-all-mixed-content; child-src github.com/assets-cdn/worker/ gist.github.com/assets-cdn/worker/; connect-src 'self' uploads.github.com objects-origin.githubusercontent.com www.githubstatus.com collector.githubapp.com api.github.com github-cloud.s3.amazonaws.com github-production-repository-file-5c1aeb.s3.amazonaws.com github-production-upload-manifest-file-7fdce7.s3.amazonaws.com github-production-user-asset-6210df.s3.amazonaws.com cdn.optimizely.com logx.optimizely.com/v1/events translator.github.com wss://alive.github.com; font-src github.githubassets.com; form-action 'self' github.com gist.github.com objects-origin.githubusercontent.com; frame-ancestors 'none'; frame-src render.githubusercontent.com viewscreen.githubusercontent.com; img-src 'self' data: github.githubassets.com identicons.github.com collector.githubapp.com github-cloud.s3.amazonaws.com secured-user-images.githubusercontent.com/ *.githubusercontent.com; manifest-src 'self'; media-src github.com user-images.githubusercontent.com/; script-src github.githubassets.com; style-src 'unsafe-inline' github.githubassets.com; worker-src github.com/assets-cdn/worker/ gist.github.com/assets-cdn/worker/","x-github-request-id":"DF5C:32DD:C9BF0:138A54:616FE8F5"}
[debug] [2021-10-20T10:01:26.374Z] >>> [apiv2][query] GET https://api.github.com/user [none]
[debug] [2021-10-20T10:01:26.947Z] <<< [apiv2][status] GET https://api.github.com/user 200
[debug] [2021-10-20T10:01:26.947Z] <<< [apiv2][body] GET https://api.github.com/user {"login":"Riazalmahmud","id":45636102,"node_id":"MDQ6VXNlcjQ1NjM2MTAy","avatar_url":"https://avatars.githubusercontent.com/u/45636102?v=4","gravatar_id":"","url":"https://api.github.com/users/Riazalmahmud","html_url":"https://github.com/Riazalmahmud","followers_url":"https://api.github.com/users/Riazalmahmud/followers","following_url":"https://api.github.com/users/Riazalmahmud/following{/other_user}","gists_url":"https://api.github.com/users/Riazalmahmud/gists{/gist_id}","starred_url":"https://api.github.com/users/Riazalmahmud/starred{/owner}{/repo}","subscriptions_url":"https://api.github.com/users/Riazalmahmud/subscriptions","organizations_url":"https://api.github.com/users/Riazalmahmud/orgs","repos_url":"https://api.github.com/users/Riazalmahmud/repos","events_url":"https://api.github.com/users/Riazalmahmud/events{/privacy}","received_events_url":"https://api.github.com/users/Riazalmahmud/received_events","type":"User","site_admin":false,"name":"Riaz al mahmud","company":null,"blog":"","location":null,"email":null,"hireable":null,"bio":null,"twitter_username":null,"public_repos":20,"public_gists":0,"followers":0,"following":1,"created_at":"2018-12-05T17:16:18Z","updated_at":"2021-08-09T18:24:08Z","private_gists":0,"total_private_repos":14,"owned_private_repos":14,"disk_usage":100009,"collaborators":0,"two_factor_authentication":false,"plan":{"name":"free","space":976562499,"collaborators":0,"private_repos":10000}}
[info] 
[info] +  Success! Logged into GitHub as Riazalmahmud 
[info] 
[debug] [2021-10-20T10:02:24.303Z] >>> [apiv2][query] GET https://api.github.com/repos//actions/secrets/public-key type=owner
[debug] [2021-10-20T10:02:24.753Z] <<< [apiv2][status] GET https://api.github.com/repos//actions/secrets/public-key 404
[debug] [2021-10-20T10:02:24.754Z] <<< [apiv2][body] GET https://api.github.com/repos//actions/secrets/public-key {"message":"Not Found","documentation_url":"https://docs.github.com/rest"}
